<html>
<head>
<title>TestNG:  Surefire test</title>
<link href="../testng.css" rel="stylesheet" type="text/css" />
<link href="../my-testng.css" rel="stylesheet" type="text/css" />

<style type="text/css">
.log { display: none;} 
.stack-trace { display: none;} 
</style>
<script type="text/javascript">
<!--
function flip(e) {
  current = e.style.display;
  if (current == 'block') {
    e.style.display = 'none';
    return 0;
  }
  else {
    e.style.display = 'block';
    return 1;
  }
}

function toggleBox(szDivId, elem, msg1, msg2)
{
  var res = -1;  if (document.getElementById) {
    res = flip(document.getElementById(szDivId));
  }
  else if (document.all) {
    // this is the way old msie versions work
    res = flip(document.all[szDivId]);
  }
  if(elem) {
    if(res == 0) elem.innerHTML = msg1; else elem.innerHTML = msg2;
  }

}

function toggleAllBoxes() {
  if (document.getElementsByTagName) {
    d = document.getElementsByTagName('div');
    for (i = 0; i < d.length; i++) {
      if (d[i].className == 'log') {
        flip(d[i]);
      }
    }
  }
}

// -->
</script>

</head>
<body>
<h2 align='center'>Surefire test</h2><table border='1' align="center">
<tr>
<td>Tests passed/Failed/Skipped:</td><td>13/1/0</td>
</tr><tr>
<td>Started on:</td><td>Mon Dec 02 22:18:48 IST 2024</td>
</tr>
<tr><td>Total time:</td><td>88 seconds (88052 ms)</td>
</tr><tr>
<td>Included groups:</td><td></td>
</tr><tr>
<td>Excluded groups:</td><td></td>
</tr>
</table><p/>
<small><i>(Hover the method name to see the test class name)</i></small><p/>
<table width='100%' border='1' class='invocation-failed'>
<tr><td colspan='4' align='center'><b>FAILED TESTS</b></td></tr>
<tr><td><b>Test method</b></td>
<td><b>Attribute(s)</b></td>
<td width="30%"><b>Exception</b></td>
<td width="10%"><b>Time (seconds)</b></td>
<td><b>Instance</b></td>
</tr>
<tr>
<td title='com.SwagLab.Testcases.LoginTest.validateLogin()'><b>validateLogin</b><br>Test class: com.SwagLab.Testcases.LoginTest</td>
<td><div><pre>org.openqa.selenium.WebDriverException: target frame detached: received Inspector.detached event
  (failed to check if window was closed: disconnected: Unable to receive message from renderer)
  (Session info: chrome=131.0.6778.86)
Build info: version: &apos;4.26.0&apos;, revision: &apos;8ccf0219d7&apos;
System info: os.name: &apos;Windows 11&apos;, os.arch: &apos;amd64&apos;, os.version: &apos;10.0&apos;, java.version: &apos;17.0.12&apos;
Driver info: org.openqa.selenium.chrome.ChromeDriver
Command: [fc2ff98e232c07e5caaefbfda9783840, clickElement {id=f.156787158B9671A2F695AAC0816DF5B8.d.DDC62CBCFD187EF9AB4854B4D59CBE1C.e.6}]
Capabilities {acceptInsecureCerts: false, browserName: chrome, browserVersion: 131.0.6778.86, chrome: {chromedriverVersion: 131.0.6778.85 (3d81e41b6f3a..., userDataDir: C:\Users\prave\AppData\Loca...}, fedcm:accounts: true, goog:chromeOptions: {debuggerAddress: localhost:50545}, networkConnectionEnabled: false, pageLoadStrategy: normal, platformName: windows, proxy: Proxy(), se:cdp: ws://localhost:50545/devtoo..., se:cdpVersion: 131.0.6778.86, setWindowRect: true, strictFileInteractability: false, timeouts: {implicit: 0, pageLoad: 300000, script: 30000}, unhandledPromptBehavior: dismiss and notify, webauthn:extension:credBlob: true, webauthn:extension:largeBlob: true, webauthn:extension:minPinLength: true, webauthn:extension:prf: true, webauthn:virtualAuthenticators: true}
Element: [[ChromeDriver: chrome on windows (fc2ff98e232c07e5caaefbfda9783840)] -&gt; id: login-button]
Session ID: fc2ff98e232c07e5caaefbfda9783840
	at org.openqa.selenium.remote.ErrorCodec.decode(ErrorCodec.java:167)
	at org.openqa.selenium.remote.codec.w3c.W3CHttpResponseCodec.decode(W3CHttpResponseCodec.java:138)
	at org.openqa.selenium.remote.codec.w3c.W3CHttpResponseCodec.decode(W3CHttpResponseCodec.java:50)
	at org.openqa.selenium.remote.HttpCommandExecutor.execute(HttpCommandExecutor.java:190)
	at org.openqa.selenium.remote.service.DriverCommandExecutor.invokeExecute(DriverCommandExecutor.java:216)
	at org.openqa.selenium.remote.service.DriverCommandExecutor.execute(DriverCommandExecutor.java:174)
	at org.openqa.selenium.remote.RemoteWebDriver.execute(RemoteWebDriver.java:545)
	at org.openqa.selenium.remote.RemoteWebElement.execute(RemoteWebElement.java:223)
	at org.openqa.selenium.remote.RemoteWebElement.click(RemoteWebElement.java:76)
	at org.openqa.selenium.support.pagefactory.internal.LocatingElementHandler.invoke(LocatingElementHandler.java:51)
	at jdk.proxy2/jdk.proxy2.$Proxy8.click(Unknown Source)
	at com.SwagLab.Pages.LoginPage.dologin(LoginPage.java:31)
	at com.SwagLab.Testcases.LoginTest.validateLogin(LoginTest.java:24)
	at java.base/java.util.ArrayList.forEach(ArrayList.java:1511)
... Removed 40 stack frames</pre></div><a href='#' onClick='toggleBox("stack-trace1986676021", this, "Click to show all stack frames", "Click to hide stack frames")'>Click to show all stack frames</a>
<div class='stack-trace' id='stack-trace1986676021'><pre>org.openqa.selenium.WebDriverException: target frame detached: received Inspector.detached event
  (failed to check if window was closed: disconnected: Unable to receive message from renderer)
  (Session info: chrome=131.0.6778.86)
Build info: version: &apos;4.26.0&apos;, revision: &apos;8ccf0219d7&apos;
System info: os.name: &apos;Windows 11&apos;, os.arch: &apos;amd64&apos;, os.version: &apos;10.0&apos;, java.version: &apos;17.0.12&apos;
Driver info: org.openqa.selenium.chrome.ChromeDriver
Command: [fc2ff98e232c07e5caaefbfda9783840, clickElement {id=f.156787158B9671A2F695AAC0816DF5B8.d.DDC62CBCFD187EF9AB4854B4D59CBE1C.e.6}]
Capabilities {acceptInsecureCerts: false, browserName: chrome, browserVersion: 131.0.6778.86, chrome: {chromedriverVersion: 131.0.6778.85 (3d81e41b6f3a..., userDataDir: C:\Users\prave\AppData\Loca...}, fedcm:accounts: true, goog:chromeOptions: {debuggerAddress: localhost:50545}, networkConnectionEnabled: false, pageLoadStrategy: normal, platformName: windows, proxy: Proxy(), se:cdp: ws://localhost:50545/devtoo..., se:cdpVersion: 131.0.6778.86, setWindowRect: true, strictFileInteractability: false, timeouts: {implicit: 0, pageLoad: 300000, script: 30000}, unhandledPromptBehavior: dismiss and notify, webauthn:extension:credBlob: true, webauthn:extension:largeBlob: true, webauthn:extension:minPinLength: true, webauthn:extension:prf: true, webauthn:virtualAuthenticators: true}
Element: [[ChromeDriver: chrome on windows (fc2ff98e232c07e5caaefbfda9783840)] -&gt; id: login-button]
Session ID: fc2ff98e232c07e5caaefbfda9783840
	at java.base/jdk.internal.reflect.NativeConstructorAccessorImpl.newInstance0(Native Method)
	at java.base/jdk.internal.reflect.NativeConstructorAccessorImpl.newInstance(NativeConstructorAccessorImpl.java:77)
	at java.base/jdk.internal.reflect.DelegatingConstructorAccessorImpl.newInstance(DelegatingConstructorAccessorImpl.java:45)
	at java.base/java.lang.reflect.Constructor.newInstanceWithCaller(Constructor.java:499)
	at java.base/java.lang.reflect.Constructor.newInstance(Constructor.java:480)
	at org.openqa.selenium.remote.ErrorCodec.decode(ErrorCodec.java:167)
	at org.openqa.selenium.remote.codec.w3c.W3CHttpResponseCodec.decode(W3CHttpResponseCodec.java:138)
	at org.openqa.selenium.remote.codec.w3c.W3CHttpResponseCodec.decode(W3CHttpResponseCodec.java:50)
	at org.openqa.selenium.remote.HttpCommandExecutor.execute(HttpCommandExecutor.java:190)
	at org.openqa.selenium.remote.service.DriverCommandExecutor.invokeExecute(DriverCommandExecutor.java:216)
	at org.openqa.selenium.remote.service.DriverCommandExecutor.execute(DriverCommandExecutor.java:174)
	at org.openqa.selenium.remote.RemoteWebDriver.execute(RemoteWebDriver.java:545)
	at org.openqa.selenium.remote.RemoteWebElement.execute(RemoteWebElement.java:223)
	at org.openqa.selenium.remote.RemoteWebElement.click(RemoteWebElement.java:76)
	at jdk.internal.reflect.GeneratedMethodAccessor1.invoke(Unknown Source)
	at java.base/jdk.internal.reflect.DelegatingMethodAccessorImpl.invoke(DelegatingMethodAccessorImpl.java:43)
	at java.base/java.lang.reflect.Method.invoke(Method.java:568)
	at org.openqa.selenium.support.pagefactory.internal.LocatingElementHandler.invoke(LocatingElementHandler.java:51)
	at jdk.proxy2/jdk.proxy2.$Proxy8.click(Unknown Source)
	at com.SwagLab.Pages.LoginPage.dologin(LoginPage.java:31)
	at com.SwagLab.Testcases.LoginTest.validateLogin(LoginTest.java:24)
	at java.base/jdk.internal.reflect.NativeMethodAccessorImpl.invoke0(Native Method)
	at java.base/jdk.internal.reflect.NativeMethodAccessorImpl.invoke(NativeMethodAccessorImpl.java:77)
	at java.base/jdk.internal.reflect.DelegatingMethodAccessorImpl.invoke(DelegatingMethodAccessorImpl.java:43)
	at java.base/java.lang.reflect.Method.invoke(Method.java:568)
	at org.testng.internal.invokers.MethodInvocationHelper.invokeMethod(MethodInvocationHelper.java:141)
	at org.testng.internal.invokers.TestInvoker.invokeMethod(TestInvoker.java:686)
	at org.testng.internal.invokers.TestInvoker.invokeTestMethod(TestInvoker.java:230)
	at org.testng.internal.invokers.MethodRunner.runInSequence(MethodRunner.java:63)
	at org.testng.internal.invokers.TestInvoker$MethodInvocationAgent.invoke(TestInvoker.java:992)
	at org.testng.internal.invokers.TestInvoker.invokeTestMethods(TestInvoker.java:203)
	at org.testng.internal.invokers.TestMethodWorker.invokeTestMethods(TestMethodWorker.java:154)
	at org.testng.internal.invokers.TestMethodWorker.run(TestMethodWorker.java:134)
	at java.base/java.util.ArrayList.forEach(ArrayList.java:1511)
	at org.testng.TestRunner.privateRun(TestRunner.java:739)
	at org.testng.TestRunner.run(TestRunner.java:614)
	at org.testng.SuiteRunner.runTest(SuiteRunner.java:421)
	at org.testng.SuiteRunner.runSequentially(SuiteRunner.java:413)
	at org.testng.SuiteRunner.privateRun(SuiteRunner.java:373)
	at org.testng.SuiteRunner.run(SuiteRunner.java:312)
	at org.testng.SuiteRunnerWorker.runSuite(SuiteRunnerWorker.java:52)
	at org.testng.SuiteRunnerWorker.run(SuiteRunnerWorker.java:95)
	at org.testng.TestNG.runSuitesSequentially(TestNG.java:1274)
	at org.testng.TestNG.runSuitesLocally(TestNG.java:1208)
	at org.testng.TestNG.runSuites(TestNG.java:1112)
	at org.testng.TestNG.run(TestNG.java:1079)
	at org.apache.maven.surefire.testng.TestNGExecutor.run(TestNGExecutor.java:155)
	at org.apache.maven.surefire.testng.TestNGDirectoryTestSuite.executeMulti(TestNGDirectoryTestSuite.java:169)
	at org.apache.maven.surefire.testng.TestNGDirectoryTestSuite.execute(TestNGDirectoryTestSuite.java:88)
	at org.apache.maven.surefire.testng.TestNGProvider.invoke(TestNGProvider.java:137)
	at org.apache.maven.surefire.booter.ForkedBooter.runSuitesInProcess(ForkedBooter.java:385)
	at org.apache.maven.surefire.booter.ForkedBooter.execute(ForkedBooter.java:162)
	at org.apache.maven.surefire.booter.ForkedBooter.run(ForkedBooter.java:507)
	at org.apache.maven.surefire.booter.ForkedBooter.main(ForkedBooter.java:495)
</pre></div></td>
<td>0</td>
<td>com.SwagLab.Testcases.LoginTest@bef2d72</td></tr>
</table><p>
<table width='100%' border='1' class='invocation-passed'>
<tr><td colspan='4' align='center'><b>PASSED TESTS</b></td></tr>
<tr><td><b>Test method</b></td>
<td><b>Attribute(s)</b></td>
<td width="30%"><b>Exception</b></td>
<td width="10%"><b>Time (seconds)</b></td>
<td><b>Instance</b></td>
</tr>
<tr>
<td title='com.SwagLab.Testcases.CartTest.validateLaunchingOfCheckOutPage()'><b>validateLaunchingOfCheckOutPage</b><br>Test class: com.SwagLab.Testcases.CartTest</td>
<td></td>
<td>0</td>
<td>com.SwagLab.Testcases.CartTest@ef9296d</td></tr>
<tr>
<td title='com.SwagLab.Testcases.CartTest.validateContinueShopping()'><b>validateContinueShopping</b><br>Test class: com.SwagLab.Testcases.CartTest</td>
<td></td>
<td>5</td>
<td>com.SwagLab.Testcases.CartTest@ef9296d</td></tr>
<tr>
<td title='com.SwagLab.Testcases.CheckoutTest.validatefilldata()'><b>validatefilldata</b><br>Test class: com.SwagLab.Testcases.CheckoutTest</td>
<td></td>
<td>0</td>
<td>com.SwagLab.Testcases.CheckoutTest@7ce3cb8e</td></tr>
<tr>
<td title='com.SwagLab.Testcases.CheckoutoverviewTest.validatelaunchfinishpage()'><b>validatelaunchfinishpage</b><br>Test class: com.SwagLab.Testcases.CheckoutoverviewTest</td>
<td></td>
<td>0</td>
<td>com.SwagLab.Testcases.CheckoutoverviewTest@10e92f8f</td></tr>
<tr>
<td title='com.SwagLab.Testcases.InventoryTest.validateAddTocartFeature()'><b>validateAddTocartFeature</b><br>Test class: com.SwagLab.Testcases.InventoryTest</td>
<td></td>
<td>0</td>
<td>com.SwagLab.Testcases.InventoryTest@5223e5ee</td></tr>
<tr>
<td title='com.SwagLab.Testcases.LoginTest.validateTilte()'><b>validateTilte</b><br>Test class: com.SwagLab.Testcases.LoginTest</td>
<td></td>
<td>0</td>
<td>com.SwagLab.Testcases.LoginTest@bef2d72</td></tr>
<tr>
<td title='com.SwagLab.Testcases.InventoryTest.validateLaunchingOfCartPage()'><b>validateLaunchingOfCartPage</b><br>Test class: com.SwagLab.Testcases.InventoryTest</td>
<td></td>
<td>0</td>
<td>com.SwagLab.Testcases.InventoryTest@5223e5ee</td></tr>
<tr>
<td title='com.SwagLab.Testcases.FinishTest.validateFinishpage()'><b>validateFinishpage</b><br>Test class: com.SwagLab.Testcases.FinishTest</td>
<td></td>
<td>0</td>
<td>com.SwagLab.Testcases.FinishTest@78b66d36</td></tr>
<tr>
<td title='com.SwagLab.Testcases.CheckoutoverviewTest.Validategetpayinfo()'><b>Validategetpayinfo</b><br>Test class: com.SwagLab.Testcases.CheckoutoverviewTest</td>
<td></td>
<td>0</td>
<td>com.SwagLab.Testcases.CheckoutoverviewTest@10e92f8f</td></tr>
<tr>
<td title='com.SwagLab.Testcases.LoginTest.validateurl()'><b>validateurl</b><br>Test class: com.SwagLab.Testcases.LoginTest</td>
<td></td>
<td>0</td>
<td>com.SwagLab.Testcases.LoginTest@bef2d72</td></tr>
<tr>
<td title='com.SwagLab.Testcases.CheckoutoverviewTest.Validateprodquantity()'><b>Validateprodquantity</b><br>Test class: com.SwagLab.Testcases.CheckoutoverviewTest</td>
<td></td>
<td>0</td>
<td>com.SwagLab.Testcases.CheckoutoverviewTest@10e92f8f</td></tr>
<tr>
<td title='com.SwagLab.Testcases.InventoryTest.validateTotalProduct()'><b>validateTotalProduct</b><br>Test class: com.SwagLab.Testcases.InventoryTest</td>
<td></td>
<td>0</td>
<td>com.SwagLab.Testcases.InventoryTest@5223e5ee</td></tr>
<tr>
<td title='com.SwagLab.Testcases.CartTest.validateProductRemove()'><b>validateProductRemove</b><br>Test class: com.SwagLab.Testcases.CartTest</td>
<td></td>
<td>0</td>
<td>com.SwagLab.Testcases.CartTest@ef9296d</td></tr>
</table><p>
</body>
</html>