<?xml version="1.0" encoding="UTF-8"?>
<!-- Generated by org.testng.reporters.JUnitXMLReporter -->
<testsuite ignored="0" hostname="Shital" failures="1" tests="14" name="Surefire test" time="88.052" errors="0" timestamp="2024-12-02T22:20:16 IST">
  <testcase classname="com.SwagLab.Testcases.CartTest" name="validateProductRemove" time="0.146"/>
  <testcase classname="com.SwagLab.Testcases.CartTest" name="validateContinueShopping" time="5.613"/>
  <testcase classname="com.SwagLab.Testcases.CartTest" name="validateLaunchingOfCheckOutPage" time="0.387"/>
  <testcase classname="com.SwagLab.Testcases.CheckoutoverviewTest" name="Validateprodquantity" time="0.046"/>
  <testcase classname="com.SwagLab.Testcases.CheckoutoverviewTest" name="Validategetpayinfo" time="0.039"/>
  <testcase classname="com.SwagLab.Testcases.CheckoutoverviewTest" name="validatelaunchfinishpage" time="0.238"/>
  <testcase classname="com.SwagLab.Testcases.CheckoutTest" name="validatefilldata" time="0.383"/>
  <testcase classname="com.SwagLab.Testcases.FinishTest" name="validateFinishpage" time="0.05"/>
  <testcase classname="com.SwagLab.Testcases.InventoryTest" name="validateTotalProduct" time="0.35"/>
  <testcase classname="com.SwagLab.Testcases.InventoryTest" name="validateAddTocartFeature" time="0.93"/>
  <testcase classname="com.SwagLab.Testcases.InventoryTest" name="validateLaunchingOfCartPage" time="0.313"/>
  <testcase classname="com.SwagLab.Testcases.LoginTest" name="validateurl" time="0.067"/>
  <testcase classname="com.SwagLab.Testcases.LoginTest" name="validateTilte" time="0.035"/>
  <testcase classname="com.SwagLab.Testcases.LoginTest" name="validateLogin" time="0.825">
    <failure type="org.openqa.selenium.WebDriverException" message="target frame detached: received Inspector.detached event
  (failed to check if window was closed: disconnected: Unable to receive message from renderer)
  (Session info: chrome=131.0.6778.86)
Build info: version: &amp;apos;4.26.0&amp;apos;, revision: &amp;apos;8ccf0219d7&amp;apos;
System info: os.name: &amp;apos;Windows 11&amp;apos;, os.arch: &amp;apos;amd64&amp;apos;, os.version: &amp;apos;10.0&amp;apos;, java.version: &amp;apos;17.0.12&amp;apos;
Driver info: org.openqa.selenium.chrome.ChromeDriver
Command: [fc2ff98e232c07e5caaefbfda9783840, clickElement {id=f.156787158B9671A2F695AAC0816DF5B8.d.DDC62CBCFD187EF9AB4854B4D59CBE1C.e.6}]
Capabilities {acceptInsecureCerts: false, browserName: chrome, browserVersion: 131.0.6778.86, chrome: {chromedriverVersion: 131.0.6778.85 (3d81e41b6f3a..., userDataDir: C:\Users\prave\AppData\Loca...}, fedcm:accounts: true, goog:chromeOptions: {debuggerAddress: localhost:50545}, networkConnectionEnabled: false, pageLoadStrategy: normal, platformName: windows, proxy: Proxy(), se:cdp: ws://localhost:50545/devtoo..., se:cdpVersion: 131.0.6778.86, setWindowRect: true, strictFileInteractability: false, timeouts: {implicit: 0, pageLoad: 300000, script: 30000}, unhandledPromptBehavior: dismiss and notify, webauthn:extension:credBlob: true, webauthn:extension:largeBlob: true, webauthn:extension:minPinLength: true, webauthn:extension:prf: true, webauthn:virtualAuthenticators: true}
Element: [[ChromeDriver: chrome on windows (fc2ff98e232c07e5caaefbfda9783840)] -&amp;gt; id: login-button]
Session ID: fc2ff98e232c07e5caaefbfda9783840">
      <![CDATA[org.openqa.selenium.WebDriverException: target frame detached: received Inspector.detached event
  (failed to check if window was closed: disconnected: Unable to receive message from renderer)
  (Session info: chrome=131.0.6778.86)
Build info: version: '4.26.0', revision: '8ccf0219d7'
System info: os.name: 'Windows 11', os.arch: 'amd64', os.version: '10.0', java.version: '17.0.12'
Driver info: org.openqa.selenium.chrome.ChromeDriver
Command: [fc2ff98e232c07e5caaefbfda9783840, clickElement {id=f.156787158B9671A2F695AAC0816DF5B8.d.DDC62CBCFD187EF9AB4854B4D59CBE1C.e.6}]
Capabilities {acceptInsecureCerts: false, browserName: chrome, browserVersion: 131.0.6778.86, chrome: {chromedriverVersion: 131.0.6778.85 (3d81e41b6f3a..., userDataDir: C:\Users\prave\AppData\Loca...}, fedcm:accounts: true, goog:chromeOptions: {debuggerAddress: localhost:50545}, networkConnectionEnabled: false, pageLoadStrategy: normal, platformName: windows, proxy: Proxy(), se:cdp: ws://localhost:50545/devtoo..., se:cdpVersion: 131.0.6778.86, setWindowRect: true, strictFileInteractability: false, timeouts: {implicit: 0, pageLoad: 300000, script: 30000}, unhandledPromptBehavior: dismiss and notify, webauthn:extension:credBlob: true, webauthn:extension:largeBlob: true, webauthn:extension:minPinLength: true, webauthn:extension:prf: true, webauthn:virtualAuthenticators: true}
Element: [[ChromeDriver: chrome on windows (fc2ff98e232c07e5caaefbfda9783840)] -> id: login-button]
Session ID: fc2ff98e232c07e5caaefbfda9783840
at org.openqa.selenium.remote.ErrorCodec.decode(ErrorCodec.java:167)
at org.openqa.selenium.remote.codec.w3c.W3CHttpResponseCodec.decode(W3CHttpResponseCodec.java:138)
at org.openqa.selenium.remote.codec.w3c.W3CHttpResponseCodec.decode(W3CHttpResponseCodec.java:50)
at org.openqa.selenium.remote.HttpCommandExecutor.execute(HttpCommandExecutor.java:190)
at org.openqa.selenium.remote.service.DriverCommandExecutor.invokeExecute(DriverCommandExecutor.java:216)
at org.openqa.selenium.remote.service.DriverCommandExecutor.execute(DriverCommandExecutor.java:174)
at org.openqa.selenium.remote.RemoteWebDriver.execute(RemoteWebDriver.java:545)
at org.openqa.selenium.remote.RemoteWebElement.execute(RemoteWebElement.java:223)
at org.openqa.selenium.remote.RemoteWebElement.click(RemoteWebElement.java:76)
at org.openqa.selenium.support.pagefactory.internal.LocatingElementHandler.invoke(LocatingElementHandler.java:51)
at jdk.proxy2/jdk.proxy2.$Proxy8.click(Unknown Source)
at com.SwagLab.Pages.LoginPage.dologin(LoginPage.java:31)
at com.SwagLab.Testcases.LoginTest.validateLogin(LoginTest.java:24)
at java.base/java.util.ArrayList.forEach(ArrayList.java:1511)
... Removed 40 stack frames]]>
    </failure>
  </testcase> <!-- validateLogin -->
</testsuite> <!-- Surefire test -->
